{"numFailedTestSuites":0,"numFailedTests":0,"numPassedTestSuites":1,"numPassedTests":1,"numPendingTestSuites":0,"numPendingTests":0,"numRuntimeErrorTestSuites":0,"numTodoTests":0,"numTotalTestSuites":1,"numTotalTests":1,"openHandles":[],"snapshot":{"added":0,"didUpdate":false,"failure":false,"filesAdded":0,"filesRemoved":0,"filesRemovedList":[],"filesUnmatched":0,"filesUpdated":0,"matched":0,"total":0,"unchecked":0,"uncheckedKeysByFile":[],"unmatched":0,"updated":0},"startTime":1657785562086,"success":true,"testResults":[{"assertionResults":[{"ancestorTitles":["index"],"duration":35,"failureMessages":[],"fullName":"index should renders learn react link","location":null,"status":"passed","title":"should renders learn react link"}],"endTime":1657785565712,"message":"","name":"C:\\Users\\user\\Desktop\\progress\\YarnBerry-Next.js\\__tests__\\index.test.tsx","startTime":1657785564211,"status":"passed","summary":""}],"wasInterrupted":false}